0 info it worked if it ends with ok
1 verbose cli [ '/Users/matthewdavies/.nvm/versions/node/v5.4.1/bin/node',
1 verbose cli   '/Users/matthewdavies/.nvm/versions/node/v5.4.1/bin/npm',
1 verbose cli   'run',
1 verbose cli   'test' ]
2 info using npm@3.10.2
3 info using node@v5.4.1
4 verbose run-script [ 'pretest', 'test', 'posttest' ]
5 info lifecycle @~pretest: @
6 silly lifecycle @~pretest: no script for pretest, continuing
7 info lifecycle @~test: @
8 verbose lifecycle @~test: unsafe-perm in lifecycle true
9 verbose lifecycle @~test: PATH: /Users/matthewdavies/.nvm/versions/node/v5.4.1/lib/node_modules/npm/bin/node-gyp-bin:/Users/matthewdavies/Code/js-helpers/node_modules/.bin:/Users/matthewdavies/.nvm/versions/node/v5.4.1/bin:/usr/local/sbin:/Users/matthewdavies/.rbenv/shims:/Users/matthewdavies/.rbenv/bin:/Users/matthewdavies/.swiftenv/shims:/Library/Developer/Toolchains/swift-latest.xctoolchain/usr/bin:/Users/matthewdavies/.nvm/versions/node/v5.4.1/bin:/usr/local/heroku/bin:/Users/matthewdavies/.composer/vendor/bin:/usr/local/Cellar/php70/7.0.14_7/bin:/usr/local/bin:/usr/local/bin/bin/:/usr/bin:/bin:/usr/sbin:/sbin:/usr/local/opt/go/libexec/bin
10 verbose lifecycle @~test: CWD: /Users/matthewdavies/Code/js-helpers
11 silly lifecycle @~test: Args: [ '-c', 'karma start test/karma.conf.js' ]
12 silly lifecycle @~test: Returned: code: 1  signal: null
13 info lifecycle @~test: Failed to exec test script
14 verbose stack Error: @ test: `karma start test/karma.conf.js`
14 verbose stack Exit status 1
14 verbose stack     at EventEmitter.<anonymous> (/Users/matthewdavies/.nvm/versions/node/v5.4.1/lib/node_modules/npm/lib/utils/lifecycle.js:242:16)
14 verbose stack     at emitTwo (events.js:87:13)
14 verbose stack     at EventEmitter.emit (events.js:172:7)
14 verbose stack     at ChildProcess.<anonymous> (/Users/matthewdavies/.nvm/versions/node/v5.4.1/lib/node_modules/npm/lib/utils/spawn.js:40:14)
14 verbose stack     at emitTwo (events.js:87:13)
14 verbose stack     at ChildProcess.emit (events.js:172:7)
14 verbose stack     at maybeClose (internal/child_process.js:821:16)
14 verbose stack     at Process.ChildProcess._handle.onexit (internal/child_process.js:211:5)
15 verbose pkgid @
16 verbose cwd /Users/matthewdavies/Code/js-helpers
17 error Darwin 15.6.0
18 error argv "/Users/matthewdavies/.nvm/versions/node/v5.4.1/bin/node" "/Users/matthewdavies/.nvm/versions/node/v5.4.1/bin/npm" "run" "test"
19 error node v5.4.1
20 error npm  v3.10.2
21 error code ELIFECYCLE
22 error @ test: `karma start test/karma.conf.js`
22 error Exit status 1
23 error Failed at the @ test script 'karma start test/karma.conf.js'.
23 error Make sure you have the latest version of node.js and npm installed.
23 error If you do, this is most likely a problem with the  package,
23 error not with npm itself.
23 error Tell the author that this fails on your system:
23 error     karma start test/karma.conf.js
23 error You can get information on how to open an issue for this project with:
23 error     npm bugs
23 error Or if that isn't available, you can get their info via:
23 error     npm owner ls
23 error There is likely additional logging output above.
24 verbose exit [ 1, true ]
